<?xml version="1.0" encoding="UTF-8"?>
<!-- Generated by org.testng.reporters.JUnitReportReporter -->
<testsuite skipped="0" hostname="Rahul-Dell-PC" name="com.bank.demosite.testClasses.TestDataProvider" tests="4" failures="0" timestamp="28 May 2020 03:41:46 GMT" time="69.600" errors="0">
  <testcase name="testCase" time="20.691" classname="com.bank.demosite.testClasses.TestDataProvider"/>
  <testcase name="testCase" time="15.307" classname="com.bank.demosite.testClasses.TestDataProvider"/>
  <testcase name="testCase" time="15.005" classname="com.bank.demosite.testClasses.TestDataProvider"/>
  <testcase name="testCase" time="18.597" classname="com.bank.demosite.testClasses.TestDataProvider"/>
</testsuite> <!-- com.bank.demosite.testClasses.TestDataProvider -->
